['5.1,3.5,1.4,0.2,Iris-setosa' '4.9,3.0,1.4,0.2,Iris-setosa'
 '4.7,3.2,1.3,0.2,Iris-setosa' '4.6,3.1,1.5,0.2,Iris-setosa'
 '5.0,3.6,1.4,0.2,Iris-setosa' '5.4,3.9,1.7,0.4,Iris-setosa'
 '4.6,3.4,1.4,0.3,Iris-setosa' '5.0,3.4,1.5,0.2,Iris-setosa'
 '4.4,2.9,1.4,0.2,Iris-setosa' '4.9,3.1,1.5,0.1,Iris-setosa'
 '5.4,3.7,1.5,0.2,Iris-setosa' '4.8,3.4,1.6,0.2,Iris-setosa'
 '4.8,3.0,1.4,0.1,Iris-setosa' '4.3,3.0,1.1,0.1,Iris-setosa'
 '5.8,4.0,1.2,0.2,Iris-setosa' '5.7,4.4,1.5,0.4,Iris-setosa'
 '5.4,3.9,1.3,0.4,Iris-setosa' '5.1,3.5,1.4,0.3,Iris-setosa'
 '5.7,3.8,1.7,0.3,Iris-setosa' '5.1,3.8,1.5,0.3,Iris-setosa'
 '5.4,3.4,1.7,0.2,Iris-setosa' '5.1,3.7,1.5,0.4,Iris-setosa'
 '4.6,3.6,1.0,0.2,Iris-setosa' '5.1,3.3,1.7,0.5,Iris-setosa'
 '4.8,3.4,1.9,0.2,Iris-setosa' '5.0,3.0,1.6,0.2,Iris-setosa'
 '5.0,3.4,1.6,0.4,Iris-setosa' '5.2,3.5,1.5,0.2,Iris-setosa'
 '5.2,3.4,1.4,0.2,Iris-setosa' '4.7,3.2,1.6,0.2,Iris-setosa'
 '4.8,3.1,1.6,0.2,Iris-setosa' '5.4,3.4,1.5,0.4,Iris-setosa'
 '5.2,4.1,1.5,0.1,Iris-setosa' '5.5,4.2,1.4,0.2,Iris-setosa'
 '4.9,3.1,1.5,0.1,Iris-setosa' '5.0,3.2,1.2,0.2,Iris-setosa'
 '5.5,3.5,1.3,0.2,Iris-setosa' '4.9,3.1,1.5,0.1,Iris-setosa'
 '4.4,3.0,1.3,0.2,Iris-setosa' '5.1,3.4,1.5,0.2,Iris-setosa'
 '5.0,3.5,1.3,0.3,Iris-setosa' '4.5,2.3,1.3,0.3,Iris-setosa'
 '4.4,3.2,1.3,0.2,Iris-setosa' '5.0,3.5,1.6,0.6,Iris-setosa'
 '5.1,3.8,1.9,0.4,Iris-setosa' '4.8,3.0,1.4,0.3,Iris-setosa'
 '5.1,3.8,1.6,0.2,Iris-setosa' '4.6,3.2,1.4,0.2,Iris-setosa'
 '5.3,3.7,1.5,0.2,Iris-setosa' '5.0,3.3,1.4,0.2,Iris-setosa'
 '7.0,3.2,4.7,1.4,Iris-versicolor' '6.4,3.2,4.5,1.5,Iris-versicolor'
 '6.9,3.1,4.9,1.5,Iris-versicolor' '5.5,2.3,4.0,1.3,Iris-versicolor'
 '6.5,2.8,4.6,1.5,Iris-versicolor' '5.7,2.8,4.5,1.3,Iris-versicolor'
 '6.3,3.3,4.7,1.6,Iris-versicolor' '4.9,2.4,3.3,1.0,Iris-versicolor'
 '6.6,2.9,4.6,1.3,Iris-versicolor' '5.2,2.7,3.9,1.4,Iris-versicolor'
 '5.0,2.0,3.5,1.0,Iris-versicolor' '5.9,3.0,4.2,1.5,Iris-versicolor'
 '6.0,2.2,4.0,1.0,Iris-versicolor' '6.1,2.9,4.7,1.4,Iris-versicolor'
 '5.6,2.9,3.6,1.3,Iris-versicolor' '6.7,3.1,4.4,1.4,Iris-versicolor'
 '5.6,3.0,4.5,1.5,Iris-versicolor' '5.8,2.7,4.1,1.0,Iris-versicolor'
 '6.2,2.2,4.5,1.5,Iris-versicolor' '5.6,2.5,3.9,1.1,Iris-versicolor'
 '5.9,3.2,4.8,1.8,Iris-versicolor' '6.1,2.8,4.0,1.3,Iris-versicolor'
 '6.3,2.5,4.9,1.5,Iris-versicolor' '6.1,2.8,4.7,1.2,Iris-versicolor'
 '6.4,2.9,4.3,1.3,Iris-versicolor' '6.6,3.0,4.4,1.4,Iris-versicolor'
 '6.8,2.8,4.8,1.4,Iris-versicolor' '6.7,3.0,5.0,1.7,Iris-versicolor'
 '6.0,2.9,4.5,1.5,Iris-versicolor' '5.7,2.6,3.5,1.0,Iris-versicolor'
 '5.5,2.4,3.8,1.1,Iris-versicolor' '5.5,2.4,3.7,1.0,Iris-versicolor'
 '5.8,2.7,3.9,1.2,Iris-versicolor' '6.0,2.7,5.1,1.6,Iris-versicolor'
 '5.4,3.0,4.5,1.5,Iris-versicolor' '6.0,3.4,4.5,1.6,Iris-versicolor'
 '6.7,3.1,4.7,1.5,Iris-versicolor' '6.3,2.3,4.4,1.3,Iris-versicolor'
 '5.6,3.0,4.1,1.3,Iris-versicolor' '5.5,2.5,4.0,1.3,Iris-versicolor'
 '5.5,2.6,4.4,1.2,Iris-versicolor' '6.1,3.0,4.6,1.4,Iris-versicolor'
 '5.8,2.6,4.0,1.2,Iris-versicolor' '5.0,2.3,3.3,1.0,Iris-versicolor'
 '5.6,2.7,4.2,1.3,Iris-versicolor' '5.7,3.0,4.2,1.2,Iris-versicolor'
 '5.7,2.9,4.2,1.3,Iris-versicolor' '6.2,2.9,4.3,1.3,Iris-versicolor'
 '5.1,2.5,3.0,1.1,Iris-versicolor' '5.7,2.8,4.1,1.3,Iris-versicolor'
 '6.3,3.3,6.0,2.5,Iris-virginica' '5.8,2.7,5.1,1.9,Iris-virginica'
 '7.1,3.0,5.9,2.1,Iris-virginica' '6.3,2.9,5.6,1.8,Iris-virginica'
 '6.5,3.0,5.8,2.2,Iris-virginica' '7.6,3.0,6.6,2.1,Iris-virginica'
 '4.9,2.5,4.5,1.7,Iris-virginica' '7.3,2.9,6.3,1.8,Iris-virginica'
 '6.7,2.5,5.8,1.8,Iris-virginica' '7.2,3.6,6.1,2.5,Iris-virginica'
 '6.5,3.2,5.1,2.0,Iris-virginica' '6.4,2.7,5.3,1.9,Iris-virginica'
 '6.8,3.0,5.5,2.1,Iris-virginica' '5.7,2.5,5.0,2.0,Iris-virginica'
 '5.8,2.8,5.1,2.4,Iris-virginica' '6.4,3.2,5.3,2.3,Iris-virginica'
 '6.5,3.0,5.5,1.8,Iris-virginica' '7.7,3.8,6.7,2.2,Iris-virginica'
 '7.7,2.6,6.9,2.3,Iris-virginica' '6.0,2.2,5.0,1.5,Iris-virginica'
 '6.9,3.2,5.7,2.3,Iris-virginica' '5.6,2.8,4.9,2.0,Iris-virginica'
 '7.7,2.8,6.7,2.0,Iris-virginica' '6.3,2.7,4.9,1.8,Iris-virginica'
 '6.7,3.3,5.7,2.1,Iris-virginica' '7.2,3.2,6.0,1.8,Iris-virginica'
 '6.2,2.8,4.8,1.8,Iris-virginica' '6.1,3.0,4.9,1.8,Iris-virginica'
 '6.4,2.8,5.6,2.1,Iris-virginica' '7.2,3.0,5.8,1.6,Iris-virginica'
 '7.4,2.8,6.1,1.9,Iris-virginica' '7.9,3.8,6.4,2.0,Iris-virginica'
 '6.4,2.8,5.6,2.2,Iris-virginica' '6.3,2.8,5.1,1.5,Iris-virginica'
 '6.1,2.6,5.6,1.4,Iris-virginica' '7.7,3.0,6.1,2.3,Iris-virginica'
 '6.3,3.4,5.6,2.4,Iris-virginica' '6.4,3.1,5.5,1.8,Iris-virginica'
 '6.0,3.0,4.8,1.8,Iris-virginica' '6.9,3.1,5.4,2.1,Iris-virginica'
 '6.7,3.1,5.6,2.4,Iris-virginica' '6.9,3.1,5.1,2.3,Iris-virginica'
 '5.8,2.7,5.1,1.9,Iris-virginica' '6.8,3.2,5.9,2.3,Iris-virginica'
 '6.7,3.3,5.7,2.5,Iris-virginica' '6.7,3.0,5.2,2.3,Iris-virginica'
 '6.3,2.5,5.0,1.9,Iris-virginica' '6.5,3.0,5.2,2.0,Iris-virginica'
 '6.2,3.4,5.4,2.3,Iris-virginica' '5.9,3.0,5.1,1.8,Iris-virginica']
Sun Nov 26 02:12:02 2017    Profile.prof

         28858 function calls in 0.191 seconds

   Ordered by: internal time

   ncalls  tottime  percall  cumtime  percall filename:lineno(function)
        1    0.109    0.109    0.191    0.191 {calc_pi.main}
     5494    0.035    0.000    0.079    0.000 linalg.py:1924(norm)
     5495    0.029    0.000    0.029    0.000 {method 'reduce' of 'numpy.ufunc' objects}
     5495    0.007    0.000    0.007    0.000 {built-in method array}
     5495    0.006    0.000    0.013    0.000 numeric.py:392(asarray)
       82    0.002    0.000    0.002    0.000 {method 'argsort' of 'numpy.ndarray' objects}
     5494    0.002    0.000    0.002    0.000 {method 'conj' of 'numpy.ndarray' objects}
      150    0.000    0.000    0.000    0.000 arrayprint.py:457(_extendLine)
        1    0.000    0.000    0.001    0.001 arrayprint.py:465(_formatArray)
        2    0.000    0.000    0.000    0.000 {built-in method _vec_string}
       82    0.000    0.000    0.002    0.000 fromnumeric.py:792(argsort)
      374    0.000    0.000    0.000    0.000 {method 'rstrip' of 'str' objects}
      150    0.000    0.000    0.000    0.000 {built-in method repr}
      150    0.000    0.000    0.000    0.000 arrayprint.py:230(repr_format)
      304    0.000    0.000    0.000    0.000 {built-in method len}
        1    0.000    0.000    0.001    0.001 arrayprint.py:233(_array2string)
        1    0.000    0.000    0.191    0.191 {built-in method exec}
        3    0.000    0.000    0.000    0.000 arrayprint.py:547(fillFormat)
        6    0.000    0.000    0.000    0.000 numeric.py:2320(seterr)
        6    0.000    0.000    0.000    0.000 numeric.py:2416(geterr)
        3    0.000    0.000    0.000    0.000 arrayprint.py:533(__init__)
       12    0.000    0.000    0.000    0.000 {built-in method geterrobj}
        2    0.000    0.000    0.000    0.000 defchararray.py:1286(split)
        1    0.000    0.000    0.001    0.001 arrayprint.py:343(array2string)
        3    0.000    0.000    0.000    0.000 <frozen importlib._bootstrap>:2264(_handle_fromlist)
        1    0.000    0.000    0.000    0.000 arrayprint.py:700(__init__)
        3    0.000    0.000    0.000    0.000 numeric.py:2701(__init__)
        1    0.000    0.000    0.000    0.000 arrayprint.py:639(__init__)
        3    0.000    0.000    0.000    0.000 numeric.py:2705(__enter__)
        3    0.000    0.000    0.000    0.000 numeric.py:2710(__exit__)
        1    0.000    0.000    0.000    0.000 fromnumeric.py:1281(ravel)
        1    0.000    0.000    0.000    0.000 codecs.py:316(decode)
        6    0.000    0.000    0.000    0.000 {built-in method seterrobj}
        1    0.000    0.000    0.000    0.000 _bootlocale.py:23(getpreferredencoding)
        1    0.000    0.000    0.000    0.000 arrayprint.py:689(__init__)
        1    0.000    0.000    0.000    0.000 {built-in method nl_langinfo}
        1    0.000    0.000    0.001    0.001 numeric.py:1581(array_str)
        1    0.000    0.000    0.000    0.000 codecs.py:306(__init__)
        1    0.000    0.000    0.000    0.000 {built-in method utf_8_decode}
        3    0.000    0.000    0.000    0.000 arrayprint.py:661(__init__)
        1    0.000    0.000    0.000    0.000 arrayprint.py:716(__init__)
        1    0.000    0.000    0.191    0.191 <string>:1(<module>)
        1    0.000    0.000    0.000    0.000 {method 'ravel' of 'numpy.ndarray' objects}
        5    0.000    0.000    0.000    0.000 {built-in method issubclass}
        2    0.000    0.000    0.000    0.000 defchararray.py:70(_clean_args)
        6    0.000    0.000    0.000    0.000 {built-in method hasattr}
        1    0.000    0.000    0.000    0.000 codecs.py:257(__init__)
        1    0.000    0.000    0.000    0.000 {built-in method reduce}
        1    0.000    0.000    0.000    0.000 arrayprint.py:744(__init__)
        1    0.000    0.000    0.000    0.000 {method 'disable' of '_lsprof.Profiler' objects}
        3    0.000    0.000    0.000    0.000 {method 'pop' of 'dict' objects}


