['5.1,3.5,1.4,0.2,Iris-setosa' '4.9,3.0,1.4,0.2,Iris-setosa'
 '4.7,3.2,1.3,0.2,Iris-setosa' '4.6,3.1,1.5,0.2,Iris-setosa'
 '5.0,3.6,1.4,0.2,Iris-setosa' '5.4,3.9,1.7,0.4,Iris-setosa'
 '4.6,3.4,1.4,0.3,Iris-setosa' '5.0,3.4,1.5,0.2,Iris-setosa'
 '4.4,2.9,1.4,0.2,Iris-setosa' '4.9,3.1,1.5,0.1,Iris-setosa'
 '5.4,3.7,1.5,0.2,Iris-setosa' '4.8,3.4,1.6,0.2,Iris-setosa'
 '4.8,3.0,1.4,0.1,Iris-setosa' '4.3,3.0,1.1,0.1,Iris-setosa'
 '5.8,4.0,1.2,0.2,Iris-setosa' '5.7,4.4,1.5,0.4,Iris-setosa'
 '5.4,3.9,1.3,0.4,Iris-setosa' '5.1,3.5,1.4,0.3,Iris-setosa'
 '5.7,3.8,1.7,0.3,Iris-setosa' '5.1,3.8,1.5,0.3,Iris-setosa'
 '5.4,3.4,1.7,0.2,Iris-setosa' '5.1,3.7,1.5,0.4,Iris-setosa'
 '4.6,3.6,1.0,0.2,Iris-setosa' '5.1,3.3,1.7,0.5,Iris-setosa'
 '4.8,3.4,1.9,0.2,Iris-setosa' '5.0,3.0,1.6,0.2,Iris-setosa'
 '5.0,3.4,1.6,0.4,Iris-setosa' '5.2,3.5,1.5,0.2,Iris-setosa'
 '5.2,3.4,1.4,0.2,Iris-setosa' '4.7,3.2,1.6,0.2,Iris-setosa'
 '4.8,3.1,1.6,0.2,Iris-setosa' '5.4,3.4,1.5,0.4,Iris-setosa'
 '5.2,4.1,1.5,0.1,Iris-setosa' '5.5,4.2,1.4,0.2,Iris-setosa'
 '4.9,3.1,1.5,0.1,Iris-setosa' '5.0,3.2,1.2,0.2,Iris-setosa'
 '5.5,3.5,1.3,0.2,Iris-setosa' '4.9,3.1,1.5,0.1,Iris-setosa'
 '4.4,3.0,1.3,0.2,Iris-setosa' '5.1,3.4,1.5,0.2,Iris-setosa'
 '5.0,3.5,1.3,0.3,Iris-setosa' '4.5,2.3,1.3,0.3,Iris-setosa'
 '4.4,3.2,1.3,0.2,Iris-setosa' '5.0,3.5,1.6,0.6,Iris-setosa'
 '5.1,3.8,1.9,0.4,Iris-setosa' '4.8,3.0,1.4,0.3,Iris-setosa'
 '5.1,3.8,1.6,0.2,Iris-setosa' '4.6,3.2,1.4,0.2,Iris-setosa'
 '5.3,3.7,1.5,0.2,Iris-setosa' '5.0,3.3,1.4,0.2,Iris-setosa'
 '7.0,3.2,4.7,1.4,Iris-versicolor' '6.4,3.2,4.5,1.5,Iris-versicolor'
 '6.9,3.1,4.9,1.5,Iris-versicolor' '5.5,2.3,4.0,1.3,Iris-versicolor'
 '6.5,2.8,4.6,1.5,Iris-versicolor' '5.7,2.8,4.5,1.3,Iris-versicolor'
 '6.3,3.3,4.7,1.6,Iris-versicolor' '4.9,2.4,3.3,1.0,Iris-versicolor'
 '6.6,2.9,4.6,1.3,Iris-versicolor' '5.2,2.7,3.9,1.4,Iris-versicolor'
 '5.0,2.0,3.5,1.0,Iris-versicolor' '5.9,3.0,4.2,1.5,Iris-versicolor'
 '6.0,2.2,4.0,1.0,Iris-versicolor' '6.1,2.9,4.7,1.4,Iris-versicolor'
 '5.6,2.9,3.6,1.3,Iris-versicolor' '6.7,3.1,4.4,1.4,Iris-versicolor'
 '5.6,3.0,4.5,1.5,Iris-versicolor' '5.8,2.7,4.1,1.0,Iris-versicolor'
 '6.2,2.2,4.5,1.5,Iris-versicolor' '5.6,2.5,3.9,1.1,Iris-versicolor'
 '5.9,3.2,4.8,1.8,Iris-versicolor' '6.1,2.8,4.0,1.3,Iris-versicolor'
 '6.3,2.5,4.9,1.5,Iris-versicolor' '6.1,2.8,4.7,1.2,Iris-versicolor'
 '6.4,2.9,4.3,1.3,Iris-versicolor' '6.6,3.0,4.4,1.4,Iris-versicolor'
 '6.8,2.8,4.8,1.4,Iris-versicolor' '6.7,3.0,5.0,1.7,Iris-versicolor'
 '6.0,2.9,4.5,1.5,Iris-versicolor' '5.7,2.6,3.5,1.0,Iris-versicolor'
 '5.5,2.4,3.8,1.1,Iris-versicolor' '5.5,2.4,3.7,1.0,Iris-versicolor'
 '5.8,2.7,3.9,1.2,Iris-versicolor' '6.0,2.7,5.1,1.6,Iris-versicolor'
 '5.4,3.0,4.5,1.5,Iris-versicolor' '6.0,3.4,4.5,1.6,Iris-versicolor'
 '6.7,3.1,4.7,1.5,Iris-versicolor' '6.3,2.3,4.4,1.3,Iris-versicolor'
 '5.6,3.0,4.1,1.3,Iris-versicolor' '5.5,2.5,4.0,1.3,Iris-versicolor'
 '5.5,2.6,4.4,1.2,Iris-versicolor' '6.1,3.0,4.6,1.4,Iris-versicolor'
 '5.8,2.6,4.0,1.2,Iris-versicolor' '5.0,2.3,3.3,1.0,Iris-versicolor'
 '5.6,2.7,4.2,1.3,Iris-versicolor' '5.7,3.0,4.2,1.2,Iris-versicolor'
 '5.7,2.9,4.2,1.3,Iris-versicolor' '6.2,2.9,4.3,1.3,Iris-versicolor'
 '5.1,2.5,3.0,1.1,Iris-versicolor' '5.7,2.8,4.1,1.3,Iris-versicolor'
 '6.3,3.3,6.0,2.5,Iris-virginica' '5.8,2.7,5.1,1.9,Iris-virginica'
 '7.1,3.0,5.9,2.1,Iris-virginica' '6.3,2.9,5.6,1.8,Iris-virginica'
 '6.5,3.0,5.8,2.2,Iris-virginica' '7.6,3.0,6.6,2.1,Iris-virginica'
 '4.9,2.5,4.5,1.7,Iris-virginica' '7.3,2.9,6.3,1.8,Iris-virginica'
 '6.7,2.5,5.8,1.8,Iris-virginica' '7.2,3.6,6.1,2.5,Iris-virginica'
 '6.5,3.2,5.1,2.0,Iris-virginica' '6.4,2.7,5.3,1.9,Iris-virginica'
 '6.8,3.0,5.5,2.1,Iris-virginica' '5.7,2.5,5.0,2.0,Iris-virginica'
 '5.8,2.8,5.1,2.4,Iris-virginica' '6.4,3.2,5.3,2.3,Iris-virginica'
 '6.5,3.0,5.5,1.8,Iris-virginica' '7.7,3.8,6.7,2.2,Iris-virginica'
 '7.7,2.6,6.9,2.3,Iris-virginica' '6.0,2.2,5.0,1.5,Iris-virginica'
 '6.9,3.2,5.7,2.3,Iris-virginica' '5.6,2.8,4.9,2.0,Iris-virginica'
 '7.7,2.8,6.7,2.0,Iris-virginica' '6.3,2.7,4.9,1.8,Iris-virginica'
 '6.7,3.3,5.7,2.1,Iris-virginica' '7.2,3.2,6.0,1.8,Iris-virginica'
 '6.2,2.8,4.8,1.8,Iris-virginica' '6.1,3.0,4.9,1.8,Iris-virginica'
 '6.4,2.8,5.6,2.1,Iris-virginica' '7.2,3.0,5.8,1.6,Iris-virginica'
 '7.4,2.8,6.1,1.9,Iris-virginica' '7.9,3.8,6.4,2.0,Iris-virginica'
 '6.4,2.8,5.6,2.2,Iris-virginica' '6.3,2.8,5.1,1.5,Iris-virginica'
 '6.1,2.6,5.6,1.4,Iris-virginica' '7.7,3.0,6.1,2.3,Iris-virginica'
 '6.3,3.4,5.6,2.4,Iris-virginica' '6.4,3.1,5.5,1.8,Iris-virginica'
 '6.0,3.0,4.8,1.8,Iris-virginica' '6.9,3.1,5.4,2.1,Iris-virginica'
 '6.7,3.1,5.6,2.4,Iris-virginica' '6.9,3.1,5.1,2.3,Iris-virginica'
 '5.8,2.7,5.1,1.9,Iris-virginica' '6.8,3.2,5.9,2.3,Iris-virginica'
 '6.7,3.3,5.7,2.5,Iris-virginica' '6.7,3.0,5.2,2.3,Iris-virginica'
 '6.3,2.5,5.0,1.9,Iris-virginica' '6.5,3.0,5.2,2.0,Iris-virginica'
 '6.2,3.4,5.4,2.3,Iris-virginica' '5.9,3.0,5.1,1.8,Iris-virginica']
         107082 function calls in 0.564 seconds

   Ordered by: standard name

   ncalls  tottime  percall  cumtime  percall filename:lineno(function)
        2    0.000    0.000    0.000    0.000 :0(_vec_string)
     5822    0.004    0.000    0.004    0.000 :0(append)
       82    0.000    0.000    0.000    0.000 :0(argsort)
    27636    0.084    0.000    0.084    0.000 :0(array)
     5494    0.008    0.000    0.008    0.000 :0(conj)
       12    0.000    0.000    0.000    0.000 :0(geterrobj)
        5    0.000    0.000    0.000    0.000 :0(issubclass)
       82    0.004    0.000    0.004    0.000 :0(items)
      552    0.000    0.000    0.000    0.000 :0(len)
        1    0.000    0.000    0.000    0.000 :0(open)
        3    0.000    0.000    0.000    0.000 :0(pop)
      250    0.000    0.000    0.000    0.000 :0(range)
        1    0.000    0.000    0.000    0.000 :0(ravel)
        1    0.000    0.000    0.000    0.000 :0(read)
     5496    0.024    0.000    0.024    0.000 :0(reduce)
      150    0.000    0.000    0.000    0.000 :0(repr)
      374    0.000    0.000    0.000    0.000 :0(rstrip)
        6    0.000    0.000    0.000    0.000 :0(seterrobj)
        1    0.000    0.000    0.000    0.000 :0(setprofile)
       82    0.000    0.000    0.000    0.000 :0(sorted)
        1    0.000    0.000    0.000    0.000 :0(split)
        1    0.000    0.000    0.564    0.564 <string>:1(<module>)
       82    0.000    0.000    0.004    0.000 OutPut.py:22(getResponse)
     5494    0.264    0.000    0.520    0.000 OutPut.py:35(euclideanDistance)
    43952    0.096    0.000    0.096    0.000 OutPut.py:39(<lambda>)
        1    0.000    0.000    0.000    0.000 OutPut.py:45(getAccuracy)
        1    0.000    0.000    0.564    0.564 OutPut.py:53(main)
       82    0.028    0.000    0.556    0.007 OutPut.py:9(getNeighbors)
      150    0.000    0.000    0.000    0.000 arrayprint.py:230(repr_format)
        1    0.000    0.000    0.004    0.004 arrayprint.py:233(_array2string)
        1    0.000    0.000    0.004    0.004 arrayprint.py:343(array2string)
      150    0.000    0.000    0.000    0.000 arrayprint.py:457(_extendLine)
        1    0.004    0.004    0.004    0.004 arrayprint.py:465(_formatArray)
        3    0.000    0.000    0.000    0.000 arrayprint.py:533(__init__)
        3    0.000    0.000    0.000    0.000 arrayprint.py:547(fillFormat)
        1    0.000    0.000    0.000    0.000 arrayprint.py:639(__init__)
        3    0.000    0.000    0.000    0.000 arrayprint.py:661(__init__)
        1    0.000    0.000    0.000    0.000 arrayprint.py:689(__init__)
        1    0.000    0.000    0.000    0.000 arrayprint.py:700(__init__)
        1    0.000    0.000    0.000    0.000 arrayprint.py:716(__init__)
        1    0.000    0.000    0.000    0.000 arrayprint.py:744(__init__)
        2    0.000    0.000    0.000    0.000 defchararray.py:1286(split)
        2    0.000    0.000    0.000    0.000 defchararray.py:70(_clean_args)
        1    0.000    0.000    0.000    0.000 fromnumeric.py:1281(ravel)
       82    0.000    0.000    0.000    0.000 fromnumeric.py:792(argsort)
     5494    0.044    0.000    0.088    0.000 linalg.py:1924(norm)
        1    0.000    0.000    0.004    0.004 numeric.py:1581(array_str)
        6    0.000    0.000    0.000    0.000 numeric.py:2320(seterr)
        6    0.000    0.000    0.000    0.000 numeric.py:2416(geterr)
        3    0.000    0.000    0.000    0.000 numeric.py:2701(__init__)
        3    0.000    0.000    0.000    0.000 numeric.py:2705(__enter__)
        3    0.000    0.000    0.000    0.000 numeric.py:2710(__exit__)
     5495    0.004    0.000    0.012    0.000 numeric.py:392(asarray)
        1    0.000    0.000    0.564    0.564 profile:0(main())
        0    0.000             0.000          profile:0(profiler)


